  КП.cpp
D:\Projects\КП C++\КП\КП\КП.cpp(543,24): warning C4838: Преобразование из "int" в "SHORT" требует сужающего преобразования.
D:\Projects\КП C++\КП\КП\КП.cpp(543,27): warning C4838: Преобразование из "int" в "SHORT" требует сужающего преобразования.
D:\Projects\КП C++\КП\КП\КП.cpp(1024,39): warning C4267: =: преобразование из "size_t" в "int"; возможна потеря данных
D:\Projects\КП C++\КП\КП\КП.cpp(1030,36): warning C4267: =: преобразование из "size_t" в "int"; возможна потеря данных
D:\Projects\КП C++\КП\КП\КП.cpp(1052,39): warning C4267: =: преобразование из "size_t" в "int"; возможна потеря данных
D:\Projects\КП C++\КП\КП\КП.cpp(1064,35): warning C4267: =: преобразование из "size_t" в "int"; возможна потеря данных
D:\Projects\КП C++\КП\КП\КП.cpp(1068,35): warning C4267: =: преобразование из "size_t" в "int"; возможна потеря данных
D:\Projects\КП C++\КП\КП\КП.cpp(1077,32): warning C4267: инициализация: преобразование из "size_t" в "int"; возможна потеря данных
D:\Projects\КП C++\КП\КП\КП.cpp(1084,32): warning C4267: инициализация: преобразование из "size_t" в "int"; возможна потеря данных
D:\Projects\КП C++\КП\КП\КП.cpp(1088,32): warning C4267: инициализация: преобразование из "size_t" в "int"; возможна потеря данных
D:\Projects\КП C++\КП\КП\КП.cpp(1092,32): warning C4267: инициализация: преобразование из "size_t" в "int"; возможна потеря данных
D:\Projects\КП C++\КП\КП\КП.cpp(1099,32): warning C4267: инициализация: преобразование из "size_t" в "int"; возможна потеря данных
D:\Projects\КП C++\КП\КП\КП.cpp(1103,32): warning C4267: инициализация: преобразование из "size_t" в "int"; возможна потеря данных
D:\Projects\КП C++\КП\КП\КП.cpp(1107,32): warning C4267: инициализация: преобразование из "size_t" в "int"; возможна потеря данных
D:\Projects\КП C++\КП\КП\КП.cpp(1114,32): warning C4267: инициализация: преобразование из "size_t" в "int"; возможна потеря данных
D:\Projects\КП C++\КП\КП\КП.cpp(1118,32): warning C4267: инициализация: преобразование из "size_t" в "int"; возможна потеря данных
D:\Projects\КП C++\КП\КП\КП.cpp(1122,32): warning C4267: инициализация: преобразование из "size_t" в "int"; возможна потеря данных
D:\Projects\КП C++\КП\КП\КП.cpp(1129,32): warning C4267: инициализация: преобразование из "size_t" в "int"; возможна потеря данных
D:\Projects\КП C++\КП\КП\КП.cpp(1136,32): warning C4267: инициализация: преобразование из "size_t" в "int"; возможна потеря данных
D:\Projects\КП C++\КП\КП\КП.cpp(1909,28): warning C4267: инициализация: преобразование из "size_t" в "int"; возможна потеря данных
D:\Projects\КП C++\КП\КП\КП.cpp(1969,28): warning C4267: инициализация: преобразование из "size_t" в "int"; возможна потеря данных
D:\Projects\КП C++\КП\КП\КП.cpp(2451,39): warning C4267: =: преобразование из "size_t" в "int"; возможна потеря данных
D:\Projects\КП C++\КП\КП\КП.cpp(2457,36): warning C4267: =: преобразование из "size_t" в "int"; возможна потеря данных
D:\Projects\КП C++\КП\КП\КП.cpp(2480,39): warning C4267: =: преобразование из "size_t" в "int"; возможна потеря данных
D:\Projects\КП C++\КП\КП\КП.cpp(2492,35): warning C4267: =: преобразование из "size_t" в "int"; возможна потеря данных
D:\Projects\КП C++\КП\КП\КП.cpp(2496,35): warning C4267: =: преобразование из "size_t" в "int"; возможна потеря данных
D:\Projects\КП C++\КП\КП\КП.cpp(2506,32): warning C4267: инициализация: преобразование из "size_t" в "int"; возможна потеря данных
D:\Projects\КП C++\КП\КП\КП.cpp(2513,32): warning C4267: инициализация: преобразование из "size_t" в "int"; возможна потеря данных
D:\Projects\КП C++\КП\КП\КП.cpp(2517,32): warning C4267: инициализация: преобразование из "size_t" в "int"; возможна потеря данных
D:\Projects\КП C++\КП\КП\КП.cpp(2521,32): warning C4267: инициализация: преобразование из "size_t" в "int"; возможна потеря данных
D:\Projects\КП C++\КП\КП\КП.cpp(2528,32): warning C4267: инициализация: преобразование из "size_t" в "int"; возможна потеря данных
D:\Projects\КП C++\КП\КП\КП.cpp(2532,32): warning C4267: инициализация: преобразование из "size_t" в "int"; возможна потеря данных
D:\Projects\КП C++\КП\КП\КП.cpp(2536,32): warning C4267: инициализация: преобразование из "size_t" в "int"; возможна потеря данных
D:\Projects\КП C++\КП\КП\КП.cpp(2543,32): warning C4267: инициализация: преобразование из "size_t" в "int"; возможна потеря данных
D:\Projects\КП C++\КП\КП\КП.cpp(2547,32): warning C4267: инициализация: преобразование из "size_t" в "int"; возможна потеря данных
D:\Projects\КП C++\КП\КП\КП.cpp(2551,32): warning C4267: инициализация: преобразование из "size_t" в "int"; возможна потеря данных
D:\Projects\КП C++\КП\КП\КП.cpp(2558,32): warning C4267: инициализация: преобразование из "size_t" в "int"; возможна потеря данных
D:\Projects\КП C++\КП\КП\КП.cpp(2565,32): warning C4267: инициализация: преобразование из "size_t" в "int"; возможна потеря данных
D:\Projects\КП C++\КП\КП\КП.cpp(2583,32): warning C4267: инициализация: преобразование из "size_t" в "int"; возможна потеря данных
D:\Projects\КП C++\КП\КП\КП.cpp(2591,36): warning C4267: инициализация: преобразование из "size_t" в "int"; возможна потеря данных
D:\Projects\КП C++\КП\КП\КП.cpp(2600,32): warning C4267: инициализация: преобразование из "size_t" в "int"; возможна потеря данных
D:\Projects\КП C++\КП\КП\КП.cpp(2879,39): warning C4267: =: преобразование из "size_t" в "int"; возможна потеря данных
D:\Projects\КП C++\КП\КП\КП.cpp(2885,36): warning C4267: =: преобразование из "size_t" в "int"; возможна потеря данных
D:\Projects\КП C++\КП\КП\КП.cpp(2908,39): warning C4267: =: преобразование из "size_t" в "int"; возможна потеря данных
D:\Projects\КП C++\КП\КП\КП.cpp(2920,35): warning C4267: =: преобразование из "size_t" в "int"; возможна потеря данных
D:\Projects\КП C++\КП\КП\КП.cpp(2924,35): warning C4267: =: преобразование из "size_t" в "int"; возможна потеря данных
D:\Projects\КП C++\КП\КП\КП.cpp(2934,32): warning C4267: инициализация: преобразование из "size_t" в "int"; возможна потеря данных
D:\Projects\КП C++\КП\КП\КП.cpp(2941,32): warning C4267: инициализация: преобразование из "size_t" в "int"; возможна потеря данных
D:\Projects\КП C++\КП\КП\КП.cpp(2945,32): warning C4267: инициализация: преобразование из "size_t" в "int"; возможна потеря данных
D:\Projects\КП C++\КП\КП\КП.cpp(2949,32): warning C4267: инициализация: преобразование из "size_t" в "int"; возможна потеря данных
D:\Projects\КП C++\КП\КП\КП.cpp(2956,32): warning C4267: инициализация: преобразование из "size_t" в "int"; возможна потеря данных
D:\Projects\КП C++\КП\КП\КП.cpp(2960,32): warning C4267: инициализация: преобразование из "size_t" в "int"; возможна потеря данных
D:\Projects\КП C++\КП\КП\КП.cpp(2964,32): warning C4267: инициализация: преобразование из "size_t" в "int"; возможна потеря данных
D:\Projects\КП C++\КП\КП\КП.cpp(2971,32): warning C4267: инициализация: преобразование из "size_t" в "int"; возможна потеря данных
D:\Projects\КП C++\КП\КП\КП.cpp(2975,32): warning C4267: инициализация: преобразование из "size_t" в "int"; возможна потеря данных
D:\Projects\КП C++\КП\КП\КП.cpp(2979,32): warning C4267: инициализация: преобразование из "size_t" в "int"; возможна потеря данных
D:\Projects\КП C++\КП\КП\КП.cpp(2986,32): warning C4267: инициализация: преобразование из "size_t" в "int"; возможна потеря данных
D:\Projects\КП C++\КП\КП\КП.cpp(2993,32): warning C4267: инициализация: преобразование из "size_t" в "int"; возможна потеря данных
D:\Projects\КП C++\КП\КП\КП.cpp(3008,32): warning C4267: инициализация: преобразование из "size_t" в "int"; возможна потеря данных
D:\Projects\КП C++\КП\КП\КП.cpp(3015,32): warning C4267: инициализация: преобразование из "size_t" в "int"; возможна потеря данных
  КП.vcxproj -> D:\Projects\КП C++\КП\x64\Debug\КП.exe
